<?xml version="1.0" encoding="UTF-8"?>
<!-- Generated by org.testng.reporters.JUnitReportReporter -->
<testsuite skipped="0" hostname="pavan-PC" name="com.papercut.TestCases.VerifyPaperCutLogin" tests="1" failures="0" timestamp="10 Feb 2019 11:03:57 GMT" time="63.916" errors="0">
  <testcase name="VerifyValidLogin" time="63.916" classname="com.papercut.TestCases.VerifyPaperCutLogin"/>
</testsuite> <!-- com.papercut.TestCases.VerifyPaperCutLogin -->
